<?xml version="1.0" encoding="UTF-8"?>
<!-- Generated by org.testng.reporters.JUnitXMLReporter -->
<testsuite hostname="HP-PC" ignored="0" name="Test2" tests="3" failures="0" timestamp="2021-11-29T16:37:54 IST" time="37.522" errors="0">
  <testcase name="setUp" time="21.472" classname="parallelTesting.ParellelTest2"/>
  <testcase name="logoTest" time="13.891" classname="parallelTesting.ParellelTest2"/>
  <testcase name="validate" time="0.026" classname="parallelTesting.ParellelTest2"/>
</testsuite> <!-- Test2 -->
