<?xml version="1.0" encoding="UTF-8"?>
<!-- Generated by org.testng.reporters.JUnitXMLReporter -->
<testsuite hostname="HP-PC" ignored="0" name="Test" tests="3" failures="0" timestamp="2021-11-30T11:17:04 IST" time="14.485" errors="0">
  <testcase name="setup" time="13.655" classname="Listener1.Practice"/>
  <testcase name="validation" time="0.111" classname="Listener1.Practice">
    <skipped/>
  </testcase> <!-- validation -->
  <testcase name="tearUp" time="0.639" classname="Listener1.Practice"/>
</testsuite> <!-- Test -->
