<?xml version="1.0" encoding="UTF-8"?>
<!-- Generated by org.testng.reporters.JUnitXMLReporter -->
<testsuite hostname="HP-PC" ignored="0" name="TestOrgnage" tests="3" failures="0" timestamp="2021-11-30T14:23:03 IST" time="15.199" errors="0">
  <testcase name="logoTest1" time="7.629" classname="parallelTesting.ParrelelTest1"/>
  <testcase name="login" time="6.901" classname="parallelTesting.ParrelelTest1"/>
  <testcase name="tearUp" time="0.625" classname="parallelTesting.ParrelelTest1"/>
</testsuite> <!-- TestOrgnage -->
