<?xml version="1.0" encoding="UTF-8"?>
<!-- Generated by org.testng.reporters.JUnitXMLReporter -->
<testsuite hostname="HP-PC" ignored="0" name="Testverification" tests="4" failures="1" timestamp="2021-11-30T13:27:49 IST" time="70.884" errors="0">
  <testcase name="logoTest1" time="22.185" classname="parallelTesting.ParrelelTest1"/>
  <testcase name="setup" time="67.955" classname="Listener1.Practice"/>
  <testcase name="validation" time="0.317" classname="Listener1.Practice">
    <failure type="java.lang.AssertionError" message="expected [guru] but found [true]">
      <![CDATA[java.lang.AssertionError: expected [guru] but found [true]
at Listener1.Practice.validation(Practice.java:35)
at java.util.concurrent.ThreadPoolExecutor.runWorker(Unknown Source)
at java.util.concurrent.ThreadPoolExecutor$Worker.run(Unknown Source)
at java.lang.Thread.run(Unknown Source)
... Removed 17 stack frames]]>
    </failure>
  </testcase> <!-- validation -->
  <testcase name="tearUp" time="2.531" classname="Listener1.Practice"/>
</testsuite> <!-- Testverification -->
