<?xml version="1.0" encoding="UTF-8"?>
<!-- Generated by org.testng.reporters.JUnitXMLReporter -->
<testsuite hostname="HP-PC" ignored="2" name="Test(failed)" tests="1" failures="0" timestamp="2021-11-29T09:39:18 IST" time="0.082" errors="0">
  <testcase name="loginTest" time="0.016" classname="testng.FirstTestCase"/>
  <testcase name="tearup" time="0.0" classname="testng.FirstTestCase">
    <ignored/>
  </testcase> <!-- tearup -->
  <testcase name="setup" time="0.0" classname="testng.FirstTestCase">
    <ignored/>
  </testcase> <!-- setup -->
</testsuite> <!-- Test(failed) -->
